This is pdfTeX, Version 3.14159265-2.6-1.40.16 (TeX Live 2015/Debian) (preloaded format=pdflatex 2016.11.16)  1 AUG 2017 23:01
entering extended mode
 restricted \write18 enabled.
 %&-line parsing enabled.
**zusammenfassung_nn.tex
(./zusammenfassung_nn.tex
LaTeX2e <2016/02/01>
Babel <3.9q> and hyphenation patterns for 81 language(s) loaded.
(/usr/share/texlive/texmf-dist/tex/latex/base/article.cls
Document Class: article 2014/09/29 v1.4h Standard LaTeX document class
(/usr/share/texlive/texmf-dist/tex/latex/base/size11.clo
File: size11.clo 2014/09/29 v1.4h Standard LaTeX file (size option)
)
\c@part=\count79
\c@section=\count80
\c@subsection=\count81
\c@subsubsection=\count82
\c@paragraph=\count83
\c@subparagraph=\count84
\c@figure=\count85
\c@table=\count86
\abovecaptionskip=\skip41
\belowcaptionskip=\skip42
\bibindent=\dimen102
)
(/usr/share/texlive/texmf-dist/tex/generic/german/ngerman.sty v2.5e 1998-07-08
Package: ngerman 1998/07/08 v2.5e Support for writing german texts (br)
\grmnU@D=\dimen103
ngerman -- \language number for naustrian undefined, default 58 used.
) (/usr/share/texlive/texmf-dist/tex/latex/base/fontenc.sty
Package: fontenc 2005/09/27 v1.99g Standard LaTeX package

(/usr/share/texlive/texmf-dist/tex/latex/base/t1enc.def
File: t1enc.def 2005/09/27 v1.99g Standard LaTeX file
LaTeX Font Info:    Redeclaring font encoding T1 on input line 48.
))
(/usr/share/texlive/texmf-dist/tex/latex/base/inputenc.sty
Package: inputenc 2015/03/17 v1.2c Input encoding file
\inpenc@prehook=\toks14
\inpenc@posthook=\toks15

(/usr/share/texlive/texmf-dist/tex/latex/ucs/utf8x.def
File: utf8x.def 2004/10/17 UCS: Input encoding UTF-8
))
(/usr/share/texlive/texmf-dist/tex/latex/ucs/ucs.sty
Package: ucs 2013/05/11 v2.2 UCS: Unicode input support

(/usr/share/texlive/texmf-dist/tex/latex/ucs/data/uni-global.def
File: uni-global.def 2013/05/13 UCS: Unicode global data
)
\uc@secondtry=\count87
\uc@combtoks=\toks16
\uc@combtoksb=\toks17
\uc@temptokena=\toks18
)
(/usr/share/texlive/texmf-dist/tex/latex/graphics/graphicx.sty
Package: graphicx 2014/10/28 v1.0g Enhanced LaTeX Graphics (DPC,SPQR)

(/usr/share/texlive/texmf-dist/tex/latex/graphics/keyval.sty
Package: keyval 2014/10/28 v1.15 key=value parser (DPC)
\KV@toks@=\toks19
)
(/usr/share/texlive/texmf-dist/tex/latex/graphics/graphics.sty
Package: graphics 2016/01/03 v1.0q Standard LaTeX Graphics (DPC,SPQR)

(/usr/share/texlive/texmf-dist/tex/latex/graphics/trig.sty
Package: trig 2016/01/03 v1.10 sin cos tan (DPC)
)
(/usr/share/texlive/texmf-dist/tex/latex/latexconfig/graphics.cfg
File: graphics.cfg 2010/04/23 v1.9 graphics configuration of TeX Live
)
Package graphics Info: Driver file: pdftex.def on input line 95.

(/usr/share/texlive/texmf-dist/tex/latex/pdftex-def/pdftex.def
File: pdftex.def 2011/05/27 v0.06d Graphics/color for pdfTeX

(/usr/share/texlive/texmf-dist/tex/generic/oberdiek/infwarerr.sty
Package: infwarerr 2010/04/08 v1.3 Providing info/warning/error messages (HO)
)
(/usr/share/texlive/texmf-dist/tex/generic/oberdiek/ltxcmds.sty
Package: ltxcmds 2011/11/09 v1.22 LaTeX kernel commands for general use (HO)
)
\Gread@gobject=\count88
))
\Gin@req@height=\dimen104
\Gin@req@width=\dimen105
)
(/usr/share/texlive/texmf-dist/tex/latex/enumitem/enumitem.sty
Package: enumitem 2011/09/28 v3.5.2 Customized lists
\labelindent=\skip43
\enit@outerparindent=\dimen106
\enit@toks=\toks20
\enit@inbox=\box26
\enitdp@description=\count89
)
(/usr/share/texlive/texmf-dist/tex/latex/geometry/geometry.sty
Package: geometry 2010/09/12 v5.6 Page Geometry

(/usr/share/texlive/texmf-dist/tex/generic/oberdiek/ifpdf.sty
Package: ifpdf 2011/01/30 v2.3 Provides the ifpdf switch (HO)
Package ifpdf Info: pdfTeX in PDF mode is detected.
)
(/usr/share/texlive/texmf-dist/tex/generic/oberdiek/ifvtex.sty
Package: ifvtex 2010/03/01 v1.5 Detect VTeX and its facilities (HO)
Package ifvtex Info: VTeX not detected.
)
(/usr/share/texlive/texmf-dist/tex/generic/ifxetex/ifxetex.sty
Package: ifxetex 2010/09/12 v0.6 Provides ifxetex conditional
)
\Gm@cnth=\count90
\Gm@cntv=\count91
\c@Gm@tempcnt=\count92
\Gm@bindingoffset=\dimen107
\Gm@wd@mp=\dimen108
\Gm@odd@mp=\dimen109
\Gm@even@mp=\dimen110
\Gm@layoutwidth=\dimen111
\Gm@layoutheight=\dimen112
\Gm@layouthoffset=\dimen113
\Gm@layoutvoffset=\dimen114
\Gm@dimlist=\toks21
)
(/usr/share/texlive/texmf-dist/tex/latex/amsmath/amsmath.sty
Package: amsmath 2016/03/03 v2.15a AMS math features
\@mathmargin=\skip44

For additional information on amsmath, use the `?' option.
(/usr/share/texlive/texmf-dist/tex/latex/amsmath/amstext.sty
Package: amstext 2000/06/29 v2.01 AMS text

(/usr/share/texlive/texmf-dist/tex/latex/amsmath/amsgen.sty
File: amsgen.sty 1999/11/30 v2.0 generic functions
\@emptytoks=\toks22
\ex@=\dimen115
))
(/usr/share/texlive/texmf-dist/tex/latex/amsmath/amsbsy.sty
Package: amsbsy 1999/11/29 v1.2d Bold Symbols
\pmbraise@=\dimen116
)
(/usr/share/texlive/texmf-dist/tex/latex/amsmath/amsopn.sty
Package: amsopn 1999/12/14 v2.01 operator names
)
\inf@bad=\count93
LaTeX Info: Redefining \frac on input line 199.
\uproot@=\count94
\leftroot@=\count95
LaTeX Info: Redefining \overline on input line 297.
\classnum@=\count96
\DOTSCASE@=\count97
LaTeX Info: Redefining \ldots on input line 394.
LaTeX Info: Redefining \dots on input line 397.
LaTeX Info: Redefining \cdots on input line 518.
\Mathstrutbox@=\box27
\strutbox@=\box28
\big@size=\dimen117
LaTeX Font Info:    Redeclaring font encoding OML on input line 630.
LaTeX Font Info:    Redeclaring font encoding OMS on input line 631.
\macc@depth=\count98
\c@MaxMatrixCols=\count99
\dotsspace@=\muskip10
\c@parentequation=\count100
\dspbrk@lvl=\count101
\tag@help=\toks23
\row@=\count102
\column@=\count103
\maxfields@=\count104
\andhelp@=\toks24
\eqnshift@=\dimen118
\alignsep@=\dimen119
\tagshift@=\dimen120
\tagwidth@=\dimen121
\totwidth@=\dimen122
\lineht@=\dimen123
\@envbody=\toks25
\multlinegap=\skip45
\multlinetaggap=\skip46
\mathdisplay@stack=\toks26
LaTeX Info: Redefining \[ on input line 2735.
LaTeX Info: Redefining \] on input line 2736.
)
(/usr/share/texlive/texmf-dist/tex/latex/amsfonts/amsfonts.sty
Package: amsfonts 2013/01/14 v3.01 Basic AMSFonts support
\symAMSa=\mathgroup4
\symAMSb=\mathgroup5
LaTeX Font Info:    Overwriting math alphabet `\mathfrak' in version `bold'
(Font)                  U/euf/m/n --> U/euf/b/n on input line 106.
)
(/usr/share/texlive/texmf-dist/tex/latex/amsfonts/amssymb.sty
Package: amssymb 2013/01/14 v3.01 AMS font symbols
)
(/usr/share/texlive/texmf-dist/tex/latex/hyperref/hyperref.sty
Package: hyperref 2012/11/06 v6.83m Hypertext links for LaTeX

(/usr/share/texlive/texmf-dist/tex/generic/oberdiek/hobsub-hyperref.sty
Package: hobsub-hyperref 2012/05/28 v1.13 Bundle oberdiek, subset hyperref (HO)


(/usr/share/texlive/texmf-dist/tex/generic/oberdiek/hobsub-generic.sty
Package: hobsub-generic 2012/05/28 v1.13 Bundle oberdiek, subset generic (HO)
Package: hobsub 2012/05/28 v1.13 Construct package bundles (HO)
Package hobsub Info: Skipping package `infwarerr' (already loaded).
Package hobsub Info: Skipping package `ltxcmds' (already loaded).
Package: ifluatex 2010/03/01 v1.3 Provides the ifluatex switch (HO)
Package ifluatex Info: LuaTeX not detected.
Package hobsub Info: Skipping package `ifvtex' (already loaded).
Package: intcalc 2007/09/27 v1.1 Expandable calculations with integers (HO)
Package hobsub Info: Skipping package `ifpdf' (already loaded).
Package: etexcmds 2011/02/16 v1.5 Avoid name clashes with e-TeX commands (HO)
Package etexcmds Info: Could not find \expanded.
(etexcmds)             That can mean that you are not using pdfTeX 1.50 or
(etexcmds)             that some package has redefined \expanded.
(etexcmds)             In the latter case, load this package earlier.
Package: kvsetkeys 2012/04/25 v1.16 Key value parser (HO)
Package: kvdefinekeys 2011/04/07 v1.3 Define keys (HO)
Package: pdftexcmds 2011/11/29 v0.20 Utility functions of pdfTeX for LuaTeX (HO
)
Package pdftexcmds Info: LuaTeX not detected.
Package pdftexcmds Info: \pdf@primitive is available.
Package pdftexcmds Info: \pdf@ifprimitive is available.
Package pdftexcmds Info: \pdfdraftmode found.
Package: pdfescape 2011/11/25 v1.13 Implements pdfTeX's escape features (HO)
Package: bigintcalc 2012/04/08 v1.3 Expandable calculations on big integers (HO
)
Package: bitset 2011/01/30 v1.1 Handle bit-vector datatype (HO)
Package: uniquecounter 2011/01/30 v1.2 Provide unlimited unique counter (HO)
)
Package hobsub Info: Skipping package `hobsub' (already loaded).
Package: letltxmacro 2010/09/02 v1.4 Let assignment for LaTeX macros (HO)
Package: hopatch 2012/05/28 v1.2 Wrapper for package hooks (HO)
Package: xcolor-patch 2011/01/30 xcolor patch
Package: atveryend 2011/06/30 v1.8 Hooks at the very end of document (HO)
Package atveryend Info: \enddocument detected (standard20110627).
Package: atbegshi 2011/10/05 v1.16 At begin shipout hook (HO)
Package: refcount 2011/10/16 v3.4 Data extraction from label references (HO)
Package: hycolor 2011/01/30 v1.7 Color options for hyperref/bookmark (HO)
)
(/usr/share/texlive/texmf-dist/tex/latex/oberdiek/auxhook.sty
Package: auxhook 2011/03/04 v1.3 Hooks for auxiliary files (HO)
)
(/usr/share/texlive/texmf-dist/tex/latex/oberdiek/kvoptions.sty
Package: kvoptions 2011/06/30 v3.11 Key value format for package options (HO)
)
\@linkdim=\dimen124
\Hy@linkcounter=\count105
\Hy@pagecounter=\count106

(/usr/share/texlive/texmf-dist/tex/latex/hyperref/pd1enc.def
File: pd1enc.def 2012/11/06 v6.83m Hyperref: PDFDocEncoding definition (HO)
)
\Hy@SavedSpaceFactor=\count107

(/usr/share/texlive/texmf-dist/tex/latex/latexconfig/hyperref.cfg
File: hyperref.cfg 2002/06/06 v1.2 hyperref configuration of TeXLive
)
Package hyperref Info: Hyper figures OFF on input line 4443.
Package hyperref Info: Link nesting OFF on input line 4448.
Package hyperref Info: Hyper index ON on input line 4451.
Package hyperref Info: Plain pages OFF on input line 4458.
Package hyperref Info: Backreferencing OFF on input line 4463.
Package hyperref Info: Implicit mode ON; LaTeX internals redefined.
Package hyperref Info: Bookmarks ON on input line 4688.
\c@Hy@tempcnt=\count108

(/usr/share/texlive/texmf-dist/tex/latex/url/url.sty
\Urlmuskip=\muskip11
Package: url 2013/09/16  ver 3.4  Verb mode for urls, etc.
)
LaTeX Info: Redefining \url on input line 5041.
\XeTeXLinkMargin=\dimen125
\Fld@menulength=\count109
\Field@Width=\dimen126
\Fld@charsize=\dimen127
Package hyperref Info: Hyper figures OFF on input line 6295.
Package hyperref Info: Link nesting OFF on input line 6300.
Package hyperref Info: Hyper index ON on input line 6303.
Package hyperref Info: backreferencing OFF on input line 6310.
Package hyperref Info: Link coloring OFF on input line 6315.
Package hyperref Info: Link coloring with OCG OFF on input line 6320.
Package hyperref Info: PDF/A mode OFF on input line 6325.
LaTeX Info: Redefining \ref on input line 6365.
LaTeX Info: Redefining \pageref on input line 6369.
\Hy@abspage=\count110
\c@Item=\count111
\c@Hfootnote=\count112
)

Package hyperref Message: Driver (autodetected): hpdftex.

(/usr/share/texlive/texmf-dist/tex/latex/hyperref/hpdftex.def
File: hpdftex.def 2012/11/06 v6.83m Hyperref driver for pdfTeX
\Fld@listcount=\count113
\c@bookmark@seq@number=\count114

(/usr/share/texlive/texmf-dist/tex/latex/oberdiek/rerunfilecheck.sty
Package: rerunfilecheck 2011/04/15 v1.7 Rerun checks for auxiliary files (HO)
Package uniquecounter Info: New unique counter `rerunfilecheck' on input line 2
82.
)
\Hy@SectionHShift=\skip47
)
Package hyperref Info: Option `pdftoolbar' set `true' on input line 39.
Package hyperref Info: Option `pdfmenubar' set `true' on input line 39.
Package hyperref Info: Option `colorlinks' set `false' on input line 39.

(./zusammenfassung_nn.aux)
\openout1 = `zusammenfassung_nn.aux'.

LaTeX Font Info:    Checking defaults for OML/cmm/m/it on input line 44.
LaTeX Font Info:    ... okay on input line 44.
LaTeX Font Info:    Checking defaults for T1/cmr/m/n on input line 44.
LaTeX Font Info:    ... okay on input line 44.
LaTeX Font Info:    Checking defaults for OT1/cmr/m/n on input line 44.
LaTeX Font Info:    ... okay on input line 44.
LaTeX Font Info:    Checking defaults for OMS/cmsy/m/n on input line 44.
LaTeX Font Info:    ... okay on input line 44.
LaTeX Font Info:    Checking defaults for OMX/cmex/m/n on input line 44.
LaTeX Font Info:    ... okay on input line 44.
LaTeX Font Info:    Checking defaults for U/cmr/m/n on input line 44.
LaTeX Font Info:    ... okay on input line 44.
LaTeX Font Info:    Checking defaults for PD1/pdf/m/n on input line 44.
LaTeX Font Info:    ... okay on input line 44.

(/usr/share/texlive/texmf-dist/tex/latex/ucs/ucsencs.def
File: ucsencs.def 2011/01/21 Fixes to fontencodings LGR, T3
)
(/usr/share/texlive/texmf-dist/tex/context/base/supp-pdf.mkii
[Loading MPS to PDF converter (version 2006.09.02).]
\scratchcounter=\count115
\scratchdimen=\dimen128
\scratchbox=\box29
\nofMPsegments=\count116
\nofMParguments=\count117
\everyMPshowfont=\toks27
\MPscratchCnt=\count118
\MPscratchDim=\dimen129
\MPnumerator=\count119
\makeMPintoPDFobject=\count120
\everyMPtoPDFconversion=\toks28
) (/usr/share/texlive/texmf-dist/tex/latex/oberdiek/epstopdf-base.sty
Package: epstopdf-base 2010/02/09 v2.5 Base part for package epstopdf

(/usr/share/texlive/texmf-dist/tex/latex/oberdiek/grfext.sty
Package: grfext 2010/08/19 v1.1 Manage graphics extensions (HO)
)
Package grfext Info: Graphics extension search list:
(grfext)             [.png,.pdf,.jpg,.mps,.jpeg,.jbig2,.jb2,.PNG,.PDF,.JPG,.JPE
G,.JBIG2,.JB2,.eps]
(grfext)             \AppendGraphicsExtensions on input line 452.

(/usr/share/texlive/texmf-dist/tex/latex/latexconfig/epstopdf-sys.cfg
File: epstopdf-sys.cfg 2010/07/13 v1.3 Configuration of (r)epstopdf for TeX Liv
e
))
*geometry* driver: auto-detecting
*geometry* detected driver: pdftex
*geometry* verbose mode - [ preamble ] result:
* driver: pdftex
* paper: <default>
* layout: <same size as paper>
* layoutoffset:(h,v)=(0.0pt,0.0pt)
* modes: 
* h-part:(L,W,R)=(71.13188pt, 472.03123pt, 71.13188pt)
* v-part:(T,H,B)=(95.39737pt, 556.47656pt, 143.09605pt)
* \paperwidth=614.295pt
* \paperheight=794.96999pt
* \textwidth=472.03123pt
* \textheight=556.47656pt
* \oddsidemargin=-1.1381pt
* \evensidemargin=-1.1381pt
* \topmargin=-13.87262pt
* \headheight=12.0pt
* \headsep=25.0pt
* \topskip=11.0pt
* \footskip=30.0pt
* \marginparwidth=59.0pt
* \marginparsep=10.0pt
* \columnsep=10.0pt
* \skip\footins=10.0pt plus 4.0pt minus 2.0pt
* \hoffset=0.0pt
* \voffset=0.0pt
* \mag=1000
* \@twocolumnfalse
* \@twosidefalse
* \@mparswitchfalse
* \@reversemarginfalse
* (1in=72.27pt=25.4mm, 1cm=28.453pt)

\AtBeginShipoutBox=\box30
Package hyperref Info: Link coloring OFF on input line 44.
(/usr/share/texlive/texmf-dist/tex/latex/hyperref/nameref.sty
Package: nameref 2012/10/27 v2.43 Cross-referencing by name of section

(/usr/share/texlive/texmf-dist/tex/generic/oberdiek/gettitlestring.sty
Package: gettitlestring 2010/12/03 v1.4 Cleanup title references (HO)
)
\c@section@level=\count121
)
LaTeX Info: Redefining \ref on input line 44.
LaTeX Info: Redefining \pageref on input line 44.
LaTeX Info: Redefining \nameref on input line 44.

(./zusammenfassung_nn.out) (./zusammenfassung_nn.out)
\@outlinefile=\write3
\openout3 = `zusammenfassung_nn.out'.

LaTeX Font Info:    Try loading font information for U+msa on input line 46.

(/usr/share/texlive/texmf-dist/tex/latex/amsfonts/umsa.fd
File: umsa.fd 2013/01/14 v3.01 AMS symbols A
)
LaTeX Font Info:    Try loading font information for U+msb on input line 46.

(/usr/share/texlive/texmf-dist/tex/latex/amsfonts/umsb.fd
File: umsb.fd 2013/01/14 v3.01 AMS symbols B
) [1

{/var/lib/texmf/fonts/map/pdftex/updmap/pdftex.map}] (./zusammenfassung_nn.toc 
[2] [3])
\tf@toc=\write4
\openout4 = `zusammenfassung_nn.toc'.

 [4]
(./pattern-recognition.tex
(/usr/share/texlive/texmf-dist/tex/latex/ucs/data/uni-0.def
File: uni-0.def 2013/05/13 UCS: Unicode data U+0000..U+00FF
)
LaTeX Font Info:    Try loading font information for OMS+cmr on input line 5.

(/usr/share/texlive/texmf-dist/tex/latex/base/omscmr.fd
File: omscmr.fd 2014/09/29 v2.5h Standard LaTeX font definitions
)
LaTeX Font Info:    Font shape `OMS/cmr/m/n' in size <10.95> not available
(Font)              Font shape `OMS/cmsy/m/n' tried instead on input line 5.
 [5] [6] [7]
<pattern-recognition-partitioning.png, id=434, 1178.4025pt x 630.355pt>
File: pattern-recognition-partitioning.png Graphic file (type png)

<use pattern-recognition-partitioning.png>
Package pdftex.def Info: pattern-recognition-partitioning.png used on input lin
e 89.
(pdftex.def)             Requested size: 353.52348pt x 189.10796pt.
 [8 <./pattern-recognition-partitioning.png (PNG copy)>] [9] [10]) (./rnn.tex
<rnn-example1.png, id=458, 330.23375pt x 295.1025pt>
File: rnn-example1.png Graphic file (type png)
 <use rnn-example1.png>
Package pdftex.def Info: rnn-example1.png used on input line 17.
(pdftex.def)             Requested size: 330.23293pt x 295.10176pt.


LaTeX Warning: `h' float specifier changed to `ht'.

<unfold-example.png, id=459, 517.935pt x 198.7425pt>
File: unfold-example.png Graphic file (type png)
 <use unfold-example.png>
Package pdftex.def Info: unfold-example.png used on input line 38.
(pdftex.def)             Requested size: 310.76338pt x 119.24641pt.

[11] [12 <./rnn-example1.png (PNG copy)>] [13 <./unfold-example.png (PNG copy)>
]) (./speech.tex
<komponenten-speech-recognition.png, id=473, 827.09pt x 415.5525pt>
File: komponenten-speech-recognition.png Graphic file (type png)

<use komponenten-speech-recognition.png>
Package pdftex.def Info: komponenten-speech-recognition.png used on input line 
11.
(pdftex.def)             Requested size: 372.18706pt x 186.99689pt.
 [14 <./komponenten-speech-recognition.png (PNG copy)>] <hhm-example.png, id=47
9, 789.95125pt x 246.9225pt>
File: hhm-example.png Graphic file (type png)

<use hhm-example.png>
Package pdftex.def Info: hhm-example.png used on input line 33.
(pdftex.def)             Requested size: 355.47478pt x 111.11409pt.

<alignment-phoneme-sprache.png, id=480, 805.0075pt x 328.22626pt>
File: alignment-phoneme-sprache.png Graphic file (type png)

<use alignment-phoneme-sprache.png>
Package pdftex.def Info: alignment-phoneme-sprache.png used on input line 42.
(pdftex.def)             Requested size: 402.50278pt x 164.11272pt.

Overfull \hbox (2.66583pt too wide) in paragraph at lines 42--44
[][] \T1/cmr/m/n/10.95 Die Wör-ter
 []

[15 <./hhm-example.png (PNG copy)>]
<tdnn.png, id=487, 552.0625pt x 599.23875pt>
File: tdnn.png Graphic file (type png)
 <use tdnn.png>
Package pdftex.def Info: tdnn.png used on input line 51.
(pdftex.def)             Requested size: 276.03056pt x 299.61864pt.
 [16 <./alignment-phoneme-sprache.png (PNG copy)>] [17 <./tdnn.png (PNG copy)>]

Underfull \hbox (badness 10000) in paragraph at lines 67--71

 []


Underfull \hbox (badness 10000) in paragraph at lines 67--71

 []

<MS-TDNN1.png, id=496, 718.685pt x 499.8675pt>
File: MS-TDNN1.png Graphic file (type png)
 <use MS-TDNN1.png>
Package pdftex.def Info: MS-TDNN1.png used on input line 75.
(pdftex.def)             Requested size: 359.34161pt x 249.93314pt.
 [18] [19 <./MS-TDNN1.png (PNG copy)>] [20]) (./learning-vector-quantization.te
x
<vector-quantization-training.png, id=510, 1136.245pt x 502.87875pt>
File: vector-quantization-training.png Graphic file (type png)

<use vector-quantization-training.png>
Package pdftex.def Info: vector-quantization-training.png used on input line 23
.
(pdftex.def)             Requested size: 340.87613pt x 150.86478pt.


LaTeX Warning: `h' float specifier changed to `ht'.

[21] [22 <./vector-quantization-training.png (PNG copy)>] [23])
(./self-organizing-maps.tex [24]) (./reinforcement-learning.tex
<agent-and-environment.png, id=527, 1169.36874pt x 550.055pt>
File: agent-and-environment.png Graphic file (type png)

<use agent-and-environment.png>
Package pdftex.def Info: agent-and-environment.png used on input line 20.
(pdftex.def)             Requested size: 467.73921pt x 220.0181pt.
 [25 <./agent-and-environment.png (PNG copy)>]
<policy-gradients-with-neural-networks.png, id=534, 1141.26375pt x 570.13pt>
File: policy-gradients-with-neural-networks.png Graphic file (type png)

<use policy-gradients-with-neural-networks.png>
Package pdftex.def Info: policy-gradients-with-neural-networks.png used on inpu
t line 37.
(pdftex.def)             Requested size: 456.49742pt x 228.04796pt.

<RL-rrn-rl.png, id=535, 1231.60126pt x 392.46625pt>
File: RL-rrn-rl.png Graphic file (type png)
 <use RL-rrn-rl.png>
Package pdftex.def Info: RL-rrn-rl.png used on input line 41.
(pdftex.def)             Requested size: 492.63177pt x 156.9837pt.

Overfull \hbox (20.60054pt too wide) in paragraph at lines 41--42
[][] 
 []

<policy-gradient-with-neural-networks.png, id=536, 1045.9075pt x 307.1475pt>
File: policy-gradient-with-neural-networks.png Graphic file (type png)

<use policy-gradient-with-neural-networks.png>
Package pdftex.def Info: policy-gradient-with-neural-networks.png used on input
 line 45.
(pdftex.def)             Requested size: 418.35559pt x 122.85681pt.

Underfull \hbox (badness 10000) in paragraph at lines 39--47

 []


LaTeX Warning: `h' float specifier changed to `ht'.


LaTeX Warning: `h' float specifier changed to `ht'.

[26 <./policy-gradients-with-neural-networks.png (PNG copy)>] [27 <./RL-rrn-rl.
png (PNG copy)> <./policy-gradient-with-neural-networks.png (PNG copy)>]
[28]) (./deep-learning-in-computer-vision.tex [29])
(./neural-network-applications-in-machine-translation.tex
<conventional-statistical-MT.png, id=553, 660.4675pt x 211.79124pt>
File: conventional-statistical-MT.png Graphic file (type png)

<use conventional-statistical-MT.png>
Package pdftex.def Info: conventional-statistical-MT.png used on input line 32.

(pdftex.def)             Requested size: 396.28355pt x 127.07571pt.

<statistical-mt.png, id=554, 697.60625pt x 427.5975pt>
File: statistical-mt.png Graphic file (type png)

<use statistical-mt.png>
Package pdftex.def Info: statistical-mt.png used on input line 35.
(pdftex.def)             Requested size: 279.03755pt x 171.03596pt.


LaTeX Warning: `h' float specifier changed to `ht'.

[30 <./conventional-statistical-MT.png (PNG copy)>]
<encoder.png, id=559, 613.29124pt x 391.4625pt>
File: encoder.png Graphic file (type png)
 <use encoder.png>
Package pdftex.def Info: encoder.png used on input line 49.
(pdftex.def)             Requested size: 245.31215pt x 156.58221pt.

<decoder.png, id=560, 1164.35pt x 719.68875pt>
File: decoder.png Graphic file (type png)
 <use decoder.png>
Package pdftex.def Info: decoder.png used on input line 53.
(pdftex.def)             Requested size: 465.73175pt x 287.87039pt.

<attention-mechanism.png, id=561, 1287.81125pt x 714.67pt>
File: attention-mechanism.png Graphic file (type png)

<use attention-mechanism.png>
Package pdftex.def Info: attention-mechanism.png used on input line 57.
(pdftex.def)             Requested size: 515.11539pt x 285.86293pt.

Overfull \hbox (43.08415pt too wide) in paragraph at lines 57--58
[][] 
 []


LaTeX Warning: `h' float specifier changed to `ht'.

[31 <./statistical-mt.png (PNG copy)> <./encoder.png (PNG copy)>]
<edtraining.png, id=567, 1041.8925pt x 576.1525pt>
File: edtraining.png Graphic file (type png)
 <use edtraining.png>
Package pdftex.def Info: edtraining.png used on input line 75.
(pdftex.def)             Requested size: 416.74962pt x 230.45691pt.

[32 <./decoder.png (PNG copy)>]

LaTeX Warning: `h' float specifier changed to `ht'.

[33 <./attention-mechanism.png (PNG copy)>]) (./speaker-independence.tex
[34 <./edtraining.png (PNG copy)>]
<phoneme-specific-reference-model-selection-networks.png, id=580, 1022.82124pt 
x 545.03625pt>
File: phoneme-specific-reference-model-selection-networks.png Graphic file (typ
e png)
 <use phoneme-specific-reference-model-selection-networks.png>
Package pdftex.def Info: phoneme-specific-reference-model-selection-networks.pn
g used on input line 48.
(pdftex.def)             Requested size: 409.12125pt x 218.01064pt.

<meta-pi-model.png, id=581, 814.04124pt x 742.775pt>
File: meta-pi-model.png Graphic file (type png)
 <use meta-pi-model.png>
Package pdftex.def Info: meta-pi-model.png used on input line 52.
(pdftex.def)             Requested size: 325.61072pt x 297.10474pt.

Underfull \hbox (badness 10000) in paragraph at lines 46--56

 []


LaTeX Warning: `h' float specifier changed to `ht'.


LaTeX Warning: `h' float specifier changed to `ht'.


Underfull \hbox (badness 10000) in paragraph at lines 59--60

 []

[35] [36 <./phoneme-specific-reference-model-selection-networks.png (PNG copy)>
] <multilingual-bottleneck-features.png, id=591, 1060.96375pt x 660.4675pt>
File: multilingual-bottleneck-features.png Graphic file (type png)

<use multilingual-bottleneck-features.png>
Package pdftex.def Info: multilingual-bottleneck-features.png used on input lin
e 88.
(pdftex.def)             Requested size: 424.37798pt x 264.18231pt.


LaTeX Warning: `h' float specifier changed to `ht'.

<DNNs-LUFE.png, id=592, 593.21625pt x 418.56375pt>
File: DNNs-LUFE.png Graphic file (type png)
 <use DNNs-LUFE.png>
Package pdftex.def Info: DNNs-LUFE.png used on input line 92.
(pdftex.def)             Requested size: 237.28229pt x 167.42252pt.


LaTeX Warning: `h' float specifier changed to `ht'.

[37 <./meta-pi-model.png (PNG copy)>]) (./hand-writing.tex [38 <./multilingual-
bottleneck-features.png (PNG copy)>]) (./natural-language-processing.tex
[39 <./DNNs-LUFE.png (PNG copy)>]) (./gradient-optimization.tex [40] [41]
[42] [43]) (./error-functions.tex [44]) (./activation-functions.tex [45])
Package atveryend Info: Empty hook `BeforeClearDocument' on input line 84.
Package atveryend Info: Empty hook `AfterLastShipout' on input line 84.

(./zusammenfassung_nn.aux)
Package atveryend Info: Executing hook `AtVeryEndDocument' on input line 84.
Package atveryend Info: Executing hook `AtEndAfterFileList' on input line 84.
Package rerunfilecheck Info: File `zusammenfassung_nn.out' has not changed.
(rerunfilecheck)             Checksum: F11496E9DFE449BE2D2B8AA8493D3E81;5685.
Package atveryend Info: Empty hook `AtVeryVeryEnd' on input line 84.
 ) 
Here is how much of TeX's memory you used:
 8225 strings out of 493029
 119758 string characters out of 6136233
 217736 words of memory out of 5000000
 11463 multiletter control sequences out of 15000+600000
 17631 words of font info for 50 fonts, out of 8000000 for 9000
 1141 hyphenation exceptions out of 8191
 29i,15n,37p,719b,531s stack positions out of 5000i,500n,10000p,200000b,80000s
{/usr/share/texmf/fonts/enc/dvips/cm-super/cm-super-t1.enc}</usr/share/texliv
e/texmf-dist/fonts/type1/public/amsfonts/cm/cmbx10.pfb></usr/share/texlive/texm
f-dist/fonts/type1/public/amsfonts/cm/cmbx8.pfb></usr/share/texlive/texmf-dist/
fonts/type1/public/amsfonts/cm/cmex10.pfb></usr/share/texlive/texmf-dist/fonts/
type1/public/amsfonts/cm/cmmi10.pfb></usr/share/texlive/texmf-dist/fonts/type1/
public/amsfonts/cm/cmmi6.pfb></usr/share/texlive/texmf-dist/fonts/type1/public/
amsfonts/cm/cmmi8.pfb></usr/share/texlive/texmf-dist/fonts/type1/public/amsfont
s/cm/cmr10.pfb></usr/share/texlive/texmf-dist/fonts/type1/public/amsfonts/cm/cm
r6.pfb></usr/share/texlive/texmf-dist/fonts/type1/public/amsfonts/cm/cmr8.pfb><
/usr/share/texlive/texmf-dist/fonts/type1/public/amsfonts/cm/cmsy10.pfb></usr/s
hare/texlive/texmf-dist/fonts/type1/public/amsfonts/cm/cmsy6.pfb></usr/share/te
xlive/texmf-dist/fonts/type1/public/amsfonts/cm/cmsy8.pfb></usr/share/texlive/t
exmf-dist/fonts/type1/public/amsfonts/symbols/msbm10.pfb></usr/share/texmf/font
s/type1/public/cm-super/sfbx1095.pfb></usr/share/texmf/fonts/type1/public/cm-su
per/sfbx1200.pfb></usr/share/texmf/fonts/type1/public/cm-super/sfbx1440.pfb></u
sr/share/texmf/fonts/type1/public/cm-super/sfbx1728.pfb></usr/share/texmf/fonts
/type1/public/cm-super/sfrm1095.pfb></usr/share/texmf/fonts/type1/public/cm-sup
er/sfrm1200.pfb></usr/share/texmf/fonts/type1/public/cm-super/sfrm1728.pfb></us
r/share/texmf/fonts/type1/public/cm-super/sfti1095.pfb>
Output written on zusammenfassung_nn.pdf (45 pages, 2293711 bytes).
PDF statistics:
 732 PDF objects out of 1000 (max. 8388607)
 634 compressed objects within 7 object streams
 126 named destinations out of 1000 (max. 500000)
 740 words of extra memory for PDF output out of 10000 (max. 10000000)

